{"C:\\Users\\Melik\\OneDrive\\Desktop\\Buchapp\\Buch\\books-app-3\\app\\+not-found.tsx": {"path":"C:\\Users\\Melik\\OneDrive\\Desktop\\Buchapp\\Buch\\books-app-3\\app\\+not-found.tsx","statementMap":{"0":{"start":{"line":8,"column":2},"end":{"line":18,"column":4}},"1":{"start":{"line":21,"column":15},"end":{"line":32,"column":2}}},"fnMap":{"0":{"name":"NotFoundScreen","decl":{"start":{"line":7,"column":24},"end":{"line":7,"column":38}},"loc":{"start":{"line":7,"column":41},"end":{"line":19,"column":1}},"line":7}},"branchMap":{},"s":{"0":0,"1":0},"f":{"0":0},"b":{}}
,"C:\\Users\\Melik\\OneDrive\\Desktop\\Buchapp\\Buch\\books-app-3\\app\\_layout.tsx": {"path":"C:\\Users\\Melik\\OneDrive\\Desktop\\Buchapp\\Buch\\books-app-3\\app\\_layout.tsx","statementMap":{"0":{"start":{"line":8,"column":19},"end":{"line":10,"column":4}},"1":{"start":{"line":12,"column":2},"end":{"line":14,"column":3}},"2":{"start":{"line":13,"column":4},"end":{"line":13,"column":16}},"3":{"start":{"line":16,"column":2},"end":{"line":25,"column":4}}},"fnMap":{"0":{"name":"RootLayout","decl":{"start":{"line":7,"column":24},"end":{"line":7,"column":34}},"loc":{"start":{"line":7,"column":37},"end":{"line":26,"column":1}},"line":7}},"branchMap":{"0":{"loc":{"start":{"line":12,"column":2},"end":{"line":14,"column":3}},"type":"if","locations":[{"start":{"line":12,"column":2},"end":{"line":14,"column":3}},{"start":{},"end":{}}],"line":12}},"s":{"0":0,"1":0,"2":0,"3":0},"f":{"0":0},"b":{"0":[0,0]}}
,"C:\\Users\\Melik\\OneDrive\\Desktop\\Buchapp\\Buch\\books-app-3\\app\\wishlist.tsx": {"path":"C:\\Users\\Melik\\OneDrive\\Desktop\\Buchapp\\Buch\\books-app-3\\app\\wishlist.tsx","statementMap":{"0":{"start":{"line":9,"column":20},"end":{"line":9,"column":30}},"1":{"start":{"line":10,"column":30},"end":{"line":10,"column":40}},"2":{"start":{"line":12,"column":2},"end":{"line":41,"column":4}},"3":{"start":{"line":25,"column":14},"end":{"line":29,"column":16}},"4":{"start":{"line":44,"column":15},"end":{"line":61,"column":2}}},"fnMap":{"0":{"name":"WishlistScreen","decl":{"start":{"line":8,"column":24},"end":{"line":8,"column":38}},"loc":{"start":{"line":8,"column":41},"end":{"line":42,"column":1}},"line":8},"1":{"name":"(anonymous_1)","decl":{"start":{"line":24,"column":32},"end":{"line":24,"column":33}},"loc":{"start":{"line":25,"column":14},"end":{"line":29,"column":16}},"line":25}},"branchMap":{"0":{"loc":{"start":{"line":23,"column":11},"end":{"line":37,"column":11}},"type":"cond-expr","locations":[{"start":{"line":24,"column":12},"end":{"line":30,"column":14}},{"start":{"line":32,"column":12},"end":{"line":36,"column":19}}],"line":23}},"s":{"0":0,"1":0,"2":0,"3":0,"4":0},"f":{"0":0,"1":0},"b":{"0":[0,0]}}
,"C:\\Users\\Melik\\OneDrive\\Desktop\\Buchapp\\Buch\\books-app-3\\app\\(tabs)\\_layout.tsx": {"path":"C:\\Users\\Melik\\OneDrive\\Desktop\\Buchapp\\Buch\\books-app-3\\app\\(tabs)\\_layout.tsx","statementMap":{"0":{"start":{"line":13,"column":32},"end":{"line":13,"column":42}},"1":{"start":{"line":15,"column":2},"end":{"line":93,"column":4}},"2":{"start":{"line":56,"column":54},"end":{"line":56,"column":88}},"3":{"start":{"line":64,"column":54},"end":{"line":64,"column":90}},"4":{"start":{"line":72,"column":54},"end":{"line":72,"column":91}},"5":{"start":{"line":80,"column":54},"end":{"line":80,"column":89}},"6":{"start":{"line":88,"column":54},"end":{"line":88,"column":92}}},"fnMap":{"0":{"name":"TabLayout","decl":{"start":{"line":12,"column":24},"end":{"line":12,"column":33}},"loc":{"start":{"line":12,"column":36},"end":{"line":94,"column":1}},"line":12},"1":{"name":"(anonymous_1)","decl":{"start":{"line":56,"column":22},"end":{"line":56,"column":23}},"loc":{"start":{"line":56,"column":54},"end":{"line":56,"column":88}},"line":56},"2":{"name":"(anonymous_2)","decl":{"start":{"line":64,"column":22},"end":{"line":64,"column":23}},"loc":{"start":{"line":64,"column":54},"end":{"line":64,"column":90}},"line":64},"3":{"name":"(anonymous_3)","decl":{"start":{"line":72,"column":22},"end":{"line":72,"column":23}},"loc":{"start":{"line":72,"column":54},"end":{"line":72,"column":91}},"line":72},"4":{"name":"(anonymous_4)","decl":{"start":{"line":80,"column":22},"end":{"line":80,"column":23}},"loc":{"start":{"line":80,"column":54},"end":{"line":80,"column":89}},"line":80},"5":{"name":"(anonymous_5)","decl":{"start":{"line":88,"column":22},"end":{"line":88,"column":23}},"loc":{"start":{"line":88,"column":54},"end":{"line":88,"column":92}},"line":88}},"branchMap":{"0":{"loc":{"start":{"line":19,"column":33},"end":{"line":19,"column":61}},"type":"cond-expr","locations":[{"start":{"line":19,"column":46},"end":{"line":19,"column":52}},{"start":{"line":19,"column":55},"end":{"line":19,"column":61}}],"line":19}},"s":{"0":0,"1":0,"2":0,"3":0,"4":0,"5":0,"6":0},"f":{"0":0,"1":0,"2":0,"3":0,"4":0,"5":0},"b":{"0":[0,0]}}
,"C:\\Users\\Melik\\OneDrive\\Desktop\\Buchapp\\Buch\\books-app-3\\app\\(tabs)\\community.tsx": {"path":"C:\\Users\\Melik\\OneDrive\\Desktop\\Buchapp\\Buch\\books-app-3\\app\\(tabs)\\community.tsx","statementMap":{"0":{"start":{"line":6,"column":20},"end":{"line":6,"column":30}},"1":{"start":{"line":8,"column":2},"end":{"line":42,"column":4}},"2":{"start":{"line":45,"column":15},"end":{"line":75,"column":2}}},"fnMap":{"0":{"name":"CommunityScreen","decl":{"start":{"line":5,"column":24},"end":{"line":5,"column":39}},"loc":{"start":{"line":5,"column":42},"end":{"line":43,"column":1}},"line":5}},"branchMap":{},"s":{"0":0,"1":0,"2":0},"f":{"0":0},"b":{}}
,"C:\\Users\\Melik\\OneDrive\\Desktop\\Buchapp\\Buch\\books-app-3\\app\\(tabs)\\home.tsx": {"path":"C:\\Users\\Melik\\OneDrive\\Desktop\\Buchapp\\Buch\\books-app-3\\app\\(tabs)\\home.tsx","statementMap":{"0":{"start":{"line":11,"column":20},"end":{"line":11,"column":30}},"1":{"start":{"line":12,"column":48},"end":{"line":12,"column":58}},"2":{"start":{"line":13,"column":17},"end":{"line":13,"column":28}},"3":{"start":{"line":15,"column":25},"end":{"line":23,"column":3}},"4":{"start":{"line":16,"column":4},"end":{"line":22,"column":11}},"5":{"start":{"line":19,"column":23},"end":{"line":19,"column":54}},"6":{"start":{"line":25,"column":2},"end":{"line":98,"column":4}},"7":{"start":{"line":46,"column":43},"end":{"line":46,"column":67}},"8":{"start":{"line":55,"column":34},"end":{"line":55,"column":41}},"9":{"start":{"line":75,"column":43},"end":{"line":75,"column":65}},"10":{"start":{"line":84,"column":34},"end":{"line":84,"column":41}},"11":{"start":{"line":101,"column":15},"end":{"line":153,"column":2}}},"fnMap":{"0":{"name":"HomeScreen","decl":{"start":{"line":10,"column":24},"end":{"line":10,"column":34}},"loc":{"start":{"line":10,"column":37},"end":{"line":99,"column":1}},"line":10},"1":{"name":"(anonymous_1)","decl":{"start":{"line":15,"column":25},"end":{"line":15,"column":26}},"loc":{"start":{"line":16,"column":4},"end":{"line":22,"column":11}},"line":16},"2":{"name":"(anonymous_2)","decl":{"start":{"line":19,"column":17},"end":{"line":19,"column":18}},"loc":{"start":{"line":19,"column":23},"end":{"line":19,"column":54}},"line":19},"3":{"name":"(anonymous_3)","decl":{"start":{"line":46,"column":37},"end":{"line":46,"column":38}},"loc":{"start":{"line":46,"column":43},"end":{"line":46,"column":67}},"line":46},"4":{"name":"(anonymous_4)","decl":{"start":{"line":55,"column":24},"end":{"line":55,"column":25}},"loc":{"start":{"line":55,"column":34},"end":{"line":55,"column":41}},"line":55},"5":{"name":"(anonymous_5)","decl":{"start":{"line":75,"column":37},"end":{"line":75,"column":38}},"loc":{"start":{"line":75,"column":43},"end":{"line":75,"column":65}},"line":75},"6":{"name":"(anonymous_6)","decl":{"start":{"line":84,"column":24},"end":{"line":84,"column":25}},"loc":{"start":{"line":84,"column":34},"end":{"line":84,"column":41}},"line":84}},"branchMap":{},"s":{"0":0,"1":0,"2":0,"3":0,"4":0,"5":0,"6":0,"7":0,"8":0,"9":0,"10":0,"11":0},"f":{"0":0,"1":0,"2":0,"3":0,"4":0,"5":0,"6":0},"b":{}}
,"C:\\Users\\Melik\\OneDrive\\Desktop\\Buchapp\\Buch\\books-app-3\\app\\(tabs)\\index.tsx": {"path":"C:\\Users\\Melik\\OneDrive\\Desktop\\Buchapp\\Buch\\books-app-3\\app\\(tabs)\\index.tsx","statementMap":{"0":{"start":{"line":4,"column":2},"end":{"line":4,"column":35}}},"fnMap":{"0":{"name":"Index","decl":{"start":{"line":3,"column":24},"end":{"line":3,"column":29}},"loc":{"start":{"line":3,"column":32},"end":{"line":5,"column":1}},"line":3}},"branchMap":{},"s":{"0":0},"f":{"0":0},"b":{}}
,"C:\\Users\\Melik\\OneDrive\\Desktop\\Buchapp\\Buch\\books-app-3\\app\\(tabs)\\modalStyles.ts": {"path":"C:\\Users\\Melik\\OneDrive\\Desktop\\Buchapp\\Buch\\books-app-3\\app\\(tabs)\\modalStyles.ts","statementMap":{"0":{"start":{"line":3,"column":27},"end":{"line":69,"column":2}}},"fnMap":{},"branchMap":{},"s":{"0":0},"f":{},"b":{}}
,"C:\\Users\\Melik\\OneDrive\\Desktop\\Buchapp\\Buch\\books-app-3\\app\\(tabs)\\my-books.tsx": {"path":"C:\\Users\\Melik\\OneDrive\\Desktop\\Buchapp\\Buch\\books-app-3\\app\\(tabs)\\my-books.tsx","statementMap":{"0":{"start":{"line":8,"column":20},"end":{"line":8,"column":30}},"1":{"start":{"line":9,"column":59},"end":{"line":9,"column":69}},"2":{"start":{"line":11,"column":2},"end":{"line":58,"column":4}},"3":{"start":{"line":18,"column":14},"end":{"line":18,"column":52}},"4":{"start":{"line":33,"column":14},"end":{"line":33,"column":52}},"5":{"start":{"line":48,"column":14},"end":{"line":48,"column":52}},"6":{"start":{"line":61,"column":15},"end":{"line":82,"column":2}}},"fnMap":{"0":{"name":"MyBooksScreen","decl":{"start":{"line":7,"column":24},"end":{"line":7,"column":37}},"loc":{"start":{"line":7,"column":40},"end":{"line":59,"column":1}},"line":7},"1":{"name":"(anonymous_1)","decl":{"start":{"line":17,"column":33},"end":{"line":17,"column":34}},"loc":{"start":{"line":18,"column":14},"end":{"line":18,"column":52}},"line":18},"2":{"name":"(anonymous_2)","decl":{"start":{"line":32,"column":26},"end":{"line":32,"column":27}},"loc":{"start":{"line":33,"column":14},"end":{"line":33,"column":52}},"line":33},"3":{"name":"(anonymous_3)","decl":{"start":{"line":47,"column":32},"end":{"line":47,"column":33}},"loc":{"start":{"line":48,"column":14},"end":{"line":48,"column":52}},"line":48}},"branchMap":{"0":{"loc":{"start":{"line":16,"column":11},"end":{"line":24,"column":11}},"type":"cond-expr","locations":[{"start":{"line":17,"column":12},"end":{"line":19,"column":14}},{"start":{"line":21,"column":12},"end":{"line":23,"column":19}}],"line":16},"1":{"loc":{"start":{"line":31,"column":11},"end":{"line":39,"column":11}},"type":"cond-expr","locations":[{"start":{"line":32,"column":12},"end":{"line":34,"column":14}},{"start":{"line":36,"column":12},"end":{"line":38,"column":19}}],"line":31},"2":{"loc":{"start":{"line":46,"column":11},"end":{"line":54,"column":11}},"type":"cond-expr","locations":[{"start":{"line":47,"column":12},"end":{"line":49,"column":14}},{"start":{"line":51,"column":12},"end":{"line":53,"column":19}}],"line":46}},"s":{"0":0,"1":0,"2":0,"3":0,"4":0,"5":0,"6":0},"f":{"0":0,"1":0,"2":0,"3":0},"b":{"0":[0,0],"1":[0,0],"2":[0,0]}}
,"C:\\Users\\Melik\\OneDrive\\Desktop\\Buchapp\\Buch\\books-app-3\\app\\(tabs)\\search.tsx": {"path":"C:\\Users\\Melik\\OneDrive\\Desktop\\Buchapp\\Buch\\books-app-3\\app\\(tabs)\\search.tsx","statementMap":{"0":{"start":{"line":10,"column":40},"end":{"line":10,"column":52}},"1":{"start":{"line":11,"column":44},"end":{"line":11,"column":68}},"2":{"start":{"line":12,"column":36},"end":{"line":12,"column":51}},"3":{"start":{"line":13,"column":20},"end":{"line":13,"column":30}},"4":{"start":{"line":14,"column":65},"end":{"line":14,"column":75}},"5":{"start":{"line":16,"column":22},"end":{"line":51,"column":3}},"6":{"start":{"line":17,"column":4},"end":{"line":20,"column":5}},"7":{"start":{"line":18,"column":6},"end":{"line":18,"column":71}},"8":{"start":{"line":19,"column":6},"end":{"line":19,"column":13}},"9":{"start":{"line":22,"column":4},"end":{"line":22,"column":23}},"10":{"start":{"line":23,"column":4},"end":{"line":50,"column":5}},"11":{"start":{"line":24,"column":20},"end":{"line":24,"column":58}},"12":{"start":{"line":25,"column":18},"end":{"line":25,"column":132}},"13":{"start":{"line":26,"column":23},"end":{"line":26,"column":39}},"14":{"start":{"line":28,"column":6},"end":{"line":30,"column":7}},"15":{"start":{"line":29,"column":8},"end":{"line":29,"column":75}},"16":{"start":{"line":32,"column":19},"end":{"line":32,"column":40}},"17":{"start":{"line":34,"column":6},"end":{"line":43,"column":7}},"18":{"start":{"line":35,"column":22},"end":{"line":38,"column":11}},"19":{"start":{"line":35,"column":53},"end":{"line":38,"column":9}},"20":{"start":{"line":39,"column":8},"end":{"line":39,"column":32}},"21":{"start":{"line":41,"column":8},"end":{"line":41,"column":29}},"22":{"start":{"line":42,"column":8},"end":{"line":42,"column":76}},"23":{"start":{"line":45,"column":6},"end":{"line":45,"column":52}},"24":{"start":{"line":46,"column":6},"end":{"line":46,"column":101}},"25":{"start":{"line":47,"column":6},"end":{"line":47,"column":27}},"26":{"start":{"line":49,"column":6},"end":{"line":49,"column":26}},"27":{"start":{"line":53,"column":42},"end":{"line":53,"column":73}},"28":{"start":{"line":54,"column":42},"end":{"line":54,"column":57}},"29":{"start":{"line":56,"column":26},"end":{"line":59,"column":3}},"30":{"start":{"line":57,"column":4},"end":{"line":57,"column":26}},"31":{"start":{"line":58,"column":4},"end":{"line":58,"column":26}},"32":{"start":{"line":61,"column":29},"end":{"line":71,"column":3}},"33":{"start":{"line":62,"column":4},"end":{"line":70,"column":5}},"34":{"start":{"line":63,"column":25},"end":{"line":66,"column":7}},"35":{"start":{"line":67,"column":6},"end":{"line":67,"column":34}},"36":{"start":{"line":68,"column":6},"end":{"line":68,"column":29}},"37":{"start":{"line":69,"column":6},"end":{"line":69,"column":28}},"38":{"start":{"line":73,"column":23},"end":{"line":79,"column":3}},"39":{"start":{"line":74,"column":4},"end":{"line":78,"column":5}},"40":{"start":{"line":75,"column":6},"end":{"line":75,"column":34}},"41":{"start":{"line":76,"column":6},"end":{"line":76,"column":29}},"42":{"start":{"line":77,"column":6},"end":{"line":77,"column":28}},"43":{"start":{"line":81,"column":31},"end":{"line":83,"column":3}},"44":{"start":{"line":82,"column":4},"end":{"line":82,"column":25}},"45":{"start":{"line":85,"column":2},"end":{"line":142,"column":4}},"46":{"start":{"line":122,"column":10},"end":{"line":127,"column":12}},"47":{"start":{"line":125,"column":27},"end":{"line":125,"column":48}},"48":{"start":{"line":134,"column":25},"end":{"line":134,"column":47}},"49":{"start":{"line":145,"column":15},"end":{"line":176,"column":2}}},"fnMap":{"0":{"name":"SearchScreen","decl":{"start":{"line":9,"column":24},"end":{"line":9,"column":36}},"loc":{"start":{"line":9,"column":39},"end":{"line":143,"column":1}},"line":9},"1":{"name":"(anonymous_1)","decl":{"start":{"line":16,"column":22},"end":{"line":16,"column":23}},"loc":{"start":{"line":16,"column":34},"end":{"line":51,"column":3}},"line":16},"2":{"name":"(anonymous_2)","decl":{"start":{"line":35,"column":37},"end":{"line":35,"column":38}},"loc":{"start":{"line":35,"column":53},"end":{"line":38,"column":9}},"line":35},"3":{"name":"(anonymous_3)","decl":{"start":{"line":56,"column":26},"end":{"line":56,"column":27}},"loc":{"start":{"line":56,"column":46},"end":{"line":59,"column":3}},"line":56},"4":{"name":"(anonymous_4)","decl":{"start":{"line":61,"column":29},"end":{"line":61,"column":30}},"loc":{"start":{"line":61,"column":76},"end":{"line":71,"column":3}},"line":61},"5":{"name":"(anonymous_5)","decl":{"start":{"line":73,"column":23},"end":{"line":73,"column":24}},"loc":{"start":{"line":73,"column":29},"end":{"line":79,"column":3}},"line":73},"6":{"name":"(anonymous_6)","decl":{"start":{"line":81,"column":31},"end":{"line":81,"column":32}},"loc":{"start":{"line":81,"column":51},"end":{"line":83,"column":3}},"line":81},"7":{"name":"(anonymous_7)","decl":{"start":{"line":121,"column":27},"end":{"line":121,"column":28}},"loc":{"start":{"line":122,"column":10},"end":{"line":127,"column":12}},"line":122},"8":{"name":"(anonymous_8)","decl":{"start":{"line":125,"column":21},"end":{"line":125,"column":22}},"loc":{"start":{"line":125,"column":27},"end":{"line":125,"column":48}},"line":125},"9":{"name":"(anonymous_9)","decl":{"start":{"line":134,"column":19},"end":{"line":134,"column":20}},"loc":{"start":{"line":134,"column":25},"end":{"line":134,"column":47}},"line":134}},"branchMap":{"0":{"loc":{"start":{"line":17,"column":4},"end":{"line":20,"column":5}},"type":"if","locations":[{"start":{"line":17,"column":4},"end":{"line":20,"column":5}},{"start":{},"end":{}}],"line":17},"1":{"loc":{"start":{"line":28,"column":6},"end":{"line":30,"column":7}},"type":"if","locations":[{"start":{"line":28,"column":6},"end":{"line":30,"column":7}},{"start":{},"end":{}}],"line":28},"2":{"loc":{"start":{"line":34,"column":6},"end":{"line":43,"column":7}},"type":"if","locations":[{"start":{"line":34,"column":6},"end":{"line":43,"column":7}},{"start":{"line":40,"column":13},"end":{"line":43,"column":7}}],"line":34},"3":{"loc":{"start":{"line":34,"column":10},"end":{"line":34,"column":45}},"type":"binary-expr","locations":[{"start":{"line":34,"column":10},"end":{"line":34,"column":20}},{"start":{"line":34,"column":24},"end":{"line":34,"column":45}}],"line":34},"4":{"loc":{"start":{"line":62,"column":4},"end":{"line":70,"column":5}},"type":"if","locations":[{"start":{"line":62,"column":4},"end":{"line":70,"column":5}},{"start":{},"end":{}}],"line":62},"5":{"loc":{"start":{"line":65,"column":12},"end":{"line":65,"column":52}},"type":"binary-expr","locations":[{"start":{"line":65,"column":12},"end":{"line":65,"column":27}},{"start":{"line":65,"column":31},"end":{"line":65,"column":52}}],"line":65},"6":{"loc":{"start":{"line":74,"column":4},"end":{"line":78,"column":5}},"type":"if","locations":[{"start":{"line":74,"column":4},"end":{"line":78,"column":5}},{"start":{},"end":{}}],"line":74},"7":{"loc":{"start":{"line":108,"column":11},"end":{"line":112,"column":11}},"type":"cond-expr","locations":[{"start":{"line":109,"column":12},"end":{"line":109,"column":52}},{"start":{"line":111,"column":12},"end":{"line":111,"column":82}}],"line":108},"8":{"loc":{"start":{"line":123,"column":17},"end":{"line":123,"column":33}},"type":"binary-expr","locations":[{"start":{"line":123,"column":17},"end":{"line":123,"column":24}},{"start":{"line":123,"column":28},"end":{"line":123,"column":33}}],"line":123},"9":{"loc":{"start":{"line":131,"column":7},"end":{"line":140,"column":7}},"type":"binary-expr","locations":[{"start":{"line":131,"column":7},"end":{"line":131,"column":19}},{"start":{"line":132,"column":8},"end":{"line":139,"column":10}}],"line":131},"10":{"loc":{"start":{"line":136,"column":20},"end":{"line":136,"column":96}},"type":"cond-expr","locations":[{"start":{"line":136,"column":72},"end":{"line":136,"column":84}},{"start":{"line":136,"column":87},"end":{"line":136,"column":96}}],"line":136},"11":{"loc":{"start":{"line":136,"column":20},"end":{"line":136,"column":69}},"type":"binary-expr","locations":[{"start":{"line":136,"column":20},"end":{"line":136,"column":35}},{"start":{"line":136,"column":39},"end":{"line":136,"column":69}}],"line":136},"12":{"loc":{"start":{"line":137,"column":25},"end":{"line":137,"column":98}},"type":"cond-expr","locations":[{"start":{"line":137,"column":43},"end":{"line":137,"column":86}},{"start":{"line":137,"column":89},"end":{"line":137,"column":98}}],"line":137},"13":{"loc":{"start":{"line":137,"column":43},"end":{"line":137,"column":86}},"type":"binary-expr","locations":[{"start":{"line":137,"column":43},"end":{"line":137,"column":73}},{"start":{"line":137,"column":77},"end":{"line":137,"column":86}}],"line":137}},"s":{"0":0,"1":0,"2":0,"3":0,"4":0,"5":0,"6":0,"7":0,"8":0,"9":0,"10":0,"11":0,"12":0,"13":0,"14":0,"15":0,"16":0,"17":0,"18":0,"19":0,"20":0,"21":0,"22":0,"23":0,"24":0,"25":0,"26":0,"27":0,"28":0,"29":0,"30":0,"31":0,"32":0,"33":0,"34":0,"35":0,"36":0,"37":0,"38":0,"39":0,"40":0,"41":0,"42":0,"43":0,"44":0,"45":0,"46":0,"47":0,"48":0,"49":0},"f":{"0":0,"1":0,"2":0,"3":0,"4":0,"5":0,"6":0,"7":0,"8":0,"9":0},"b":{"0":[0,0],"1":[0,0],"2":[0,0],"3":[0,0],"4":[0,0],"5":[0,0],"6":[0,0],"7":[0,0],"8":[0,0],"9":[0,0],"10":[0,0],"11":[0,0],"12":[0,0],"13":[0,0]}}
,"C:\\Users\\Melik\\OneDrive\\Desktop\\Buchapp\\Buch\\books-app-3\\app\\(tabs)\\settings.tsx": {"path":"C:\\Users\\Melik\\OneDrive\\Desktop\\Buchapp\\Buch\\books-app-3\\app\\(tabs)\\settings.tsx","statementMap":{"0":{"start":{"line":6,"column":48},"end":{"line":6,"column":58}},"1":{"start":{"line":7,"column":44},"end":{"line":7,"column":64}},"2":{"start":{"line":8,"column":42},"end":{"line":8,"column":62}},"3":{"start":{"line":10,"column":2},"end":{"line":53,"column":4}},"4":{"start":{"line":56,"column":15},"end":{"line":90,"column":2}}},"fnMap":{"0":{"name":"SettingsScreen","decl":{"start":{"line":5,"column":24},"end":{"line":5,"column":38}},"loc":{"start":{"line":5,"column":41},"end":{"line":54,"column":1}},"line":5}},"branchMap":{},"s":{"0":0,"1":0,"2":0,"3":0,"4":0},"f":{"0":0},"b":{}}
,"C:\\Users\\Melik\\OneDrive\\Desktop\\Buchapp\\Buch\\books-app-3\\components\\BookCard.tsx": {"path":"C:\\Users\\Melik\\OneDrive\\Desktop\\Buchapp\\Buch\\books-app-3\\components\\BookCard.tsx","statementMap":{"0":{"start":{"line":9,"column":27},"end":{"line":9,"column":29}},"1":{"start":{"line":10,"column":31},"end":{"line":10,"column":34}},"2":{"start":{"line":18,"column":17},"end":{"line":113,"column":1}},"3":{"start":{"line":19,"column":20},"end":{"line":19,"column":30}},"4":{"start":{"line":20,"column":62},"end":{"line":20,"column":72}},"5":{"start":{"line":22,"column":24},"end":{"line":22,"column":63}},"6":{"start":{"line":23,"column":23},"end":{"line":23,"column":66}},"7":{"start":{"line":26,"column":28},"end":{"line":29,"column":3}},"8":{"start":{"line":27,"column":4},"end":{"line":27,"column":31}},"9":{"start":{"line":27,"column":14},"end":{"line":27,"column":31}},"10":{"start":{"line":28,"column":4},"end":{"line":28,"column":46}},"11":{"start":{"line":31,"column":23},"end":{"line":31,"column":68}},"12":{"start":{"line":33,"column":31},"end":{"line":38,"column":3}},"13":{"start":{"line":34,"column":4},"end":{"line":34,"column":24}},"14":{"start":{"line":35,"column":4},"end":{"line":37,"column":5}},"15":{"start":{"line":36,"column":6},"end":{"line":36,"column":27}},"16":{"start":{"line":40,"column":2},"end":{"line":112,"column":4}},"17":{"start":{"line":115,"column":15},"end":{"line":185,"column":2}}},"fnMap":{"0":{"name":"(anonymous_0)","decl":{"start":{"line":18,"column":17},"end":{"line":18,"column":18}},"loc":{"start":{"line":18,"column":83},"end":{"line":113,"column":1}},"line":18},"1":{"name":"(anonymous_1)","decl":{"start":{"line":26,"column":28},"end":{"line":26,"column":29}},"loc":{"start":{"line":26,"column":46},"end":{"line":29,"column":3}},"line":26},"2":{"name":"(anonymous_2)","decl":{"start":{"line":33,"column":31},"end":{"line":33,"column":32}},"loc":{"start":{"line":33,"column":43},"end":{"line":38,"column":3}},"line":33}},"branchMap":{"0":{"loc":{"start":{"line":18,"column":26},"end":{"line":18,"column":52}},"type":"default-arg","locations":[{"start":{"line":18,"column":47},"end":{"line":18,"column":52}}],"line":18},"1":{"loc":{"start":{"line":22,"column":24},"end":{"line":22,"column":63}},"type":"cond-expr","locations":[{"start":{"line":22,"column":34},"end":{"line":22,"column":56}},{"start":{"line":22,"column":59},"end":{"line":22,"column":63}}],"line":22},"2":{"loc":{"start":{"line":23,"column":23},"end":{"line":23,"column":66}},"type":"cond-expr","locations":[{"start":{"line":23,"column":33},"end":{"line":23,"column":58}},{"start":{"line":23,"column":61},"end":{"line":23,"column":66}}],"line":23},"3":{"loc":{"start":{"line":27,"column":4},"end":{"line":27,"column":31}},"type":"if","locations":[{"start":{"line":27,"column":4},"end":{"line":27,"column":31}},{"start":{},"end":{}}],"line":27},"4":{"loc":{"start":{"line":35,"column":4},"end":{"line":37,"column":5}},"type":"if","locations":[{"start":{"line":35,"column":4},"end":{"line":37,"column":5}},{"start":{},"end":{}}],"line":35},"5":{"loc":{"start":{"line":48,"column":9},"end":{"line":55,"column":9}},"type":"binary-expr","locations":[{"start":{"line":48,"column":9},"end":{"line":48,"column":21}},{"start":{"line":49,"column":10},"end":{"line":54,"column":12}}],"line":48},"6":{"loc":{"start":{"line":60,"column":11},"end":{"line":64,"column":11}},"type":"binary-expr","locations":[{"start":{"line":60,"column":11},"end":{"line":60,"column":23}},{"start":{"line":60,"column":27},"end":{"line":60,"column":50}},{"start":{"line":61,"column":12},"end":{"line":63,"column":19}}],"line":60},"7":{"loc":{"start":{"line":65,"column":11},"end":{"line":69,"column":11}},"type":"binary-expr","locations":[{"start":{"line":65,"column":11},"end":{"line":65,"column":29}},{"start":{"line":66,"column":12},"end":{"line":68,"column":19}}],"line":65},"8":{"loc":{"start":{"line":70,"column":11},"end":{"line":74,"column":11}},"type":"binary-expr","locations":[{"start":{"line":70,"column":11},"end":{"line":70,"column":25}},{"start":{"line":71,"column":12},"end":{"line":73,"column":19}}],"line":70},"9":{"loc":{"start":{"line":75,"column":11},"end":{"line":79,"column":11}},"type":"binary-expr","locations":[{"start":{"line":75,"column":11},"end":{"line":75,"column":27}},{"start":{"line":76,"column":12},"end":{"line":78,"column":19}}],"line":75},"10":{"loc":{"start":{"line":80,"column":11},"end":{"line":93,"column":11}},"type":"binary-expr","locations":[{"start":{"line":80,"column":11},"end":{"line":80,"column":24}},{"start":{"line":81,"column":12},"end":{"line":92,"column":19}}],"line":80},"11":{"loc":{"start":{"line":89,"column":17},"end":{"line":90,"column":70}},"type":"cond-expr","locations":[{"start":{"line":89,"column":47},"end":{"line":89,"column":61}},{"start":{"line":90,"column":17},"end":{"line":90,"column":70}}],"line":89},"12":{"loc":{"start":{"line":90,"column":17},"end":{"line":90,"column":70}},"type":"cond-expr","locations":[{"start":{"line":90,"column":44},"end":{"line":90,"column":53}},{"start":{"line":90,"column":56},"end":{"line":90,"column":70}}],"line":90},"13":{"loc":{"start":{"line":96,"column":7},"end":{"line":110,"column":7}},"type":"binary-expr","locations":[{"start":{"line":96,"column":7},"end":{"line":96,"column":25}},{"start":{"line":97,"column":8},"end":{"line":109,"column":15}}],"line":96},"14":{"loc":{"start":{"line":99,"column":43},"end":{"line":99,"column":86}},"type":"binary-expr","locations":[{"start":{"line":99,"column":43},"end":{"line":99,"column":55}},{"start":{"line":99,"column":59},"end":{"line":99,"column":86}}],"line":99},"15":{"loc":{"start":{"line":104,"column":20},"end":{"line":104,"column":66}},"type":"cond-expr","locations":[{"start":{"line":104,"column":35},"end":{"line":104,"column":45}},{"start":{"line":104,"column":48},"end":{"line":104,"column":66}}],"line":104}},"s":{"0":1,"1":1,"2":1,"3":5,"4":5,"5":5,"6":5,"7":5,"8":5,"9":0,"10":5,"11":5,"12":5,"13":0,"14":0,"15":0,"16":5,"17":1},"f":{"0":5,"1":5,"2":0},"b":{"0":[4],"1":[5,0],"2":[5,0],"3":[0,5],"4":[0,0],"5":[5,5],"6":[5,5,5],"7":[5,5],"8":[5,5],"9":[5,5],"10":[5,0],"11":[0,0],"12":[0,0],"13":[5,1],"14":[1,0],"15":[0,1]},"_coverageSchema":"1a1c01bbd47fc00a2c39e90264f33305004495a9","hash":"3be14dd1c92e1d55c1d3c6d4f8620d402d06e74e"}
,"C:\\Users\\Melik\\OneDrive\\Desktop\\Buchapp\\Buch\\books-app-3\\components\\BookStatusModal.tsx": {"path":"C:\\Users\\Melik\\OneDrive\\Desktop\\Buchapp\\Buch\\books-app-3\\components\\BookStatusModal.tsx","statementMap":{"0":{"start":{"line":24,"column":20},"end":{"line":24,"column":30}},"1":{"start":{"line":26,"column":29},"end":{"line":49,"column":3}},"2":{"start":{"line":27,"column":4},"end":{"line":48,"column":23}},"3":{"start":{"line":36,"column":21},"end":{"line":36,"column":43}},"4":{"start":{"line":51,"column":2},"end":{"line":96,"column":4}},"5":{"start":{"line":99,"column":15},"end":{"line":142,"column":2}}},"fnMap":{"0":{"name":"BookStatusModal","decl":{"start":{"line":16,"column":24},"end":{"line":16,"column":39}},"loc":{"start":{"line":23,"column":25},"end":{"line":97,"column":1}},"line":23},"1":{"name":"(anonymous_1)","decl":{"start":{"line":26,"column":29},"end":{"line":26,"column":30}},"loc":{"start":{"line":27,"column":4},"end":{"line":48,"column":23}},"line":27},"2":{"name":"(anonymous_2)","decl":{"start":{"line":36,"column":15},"end":{"line":36,"column":16}},"loc":{"start":{"line":36,"column":21},"end":{"line":36,"column":43}},"line":36}},"branchMap":{"0":{"loc":{"start":{"line":30,"column":8},"end":{"line":34,"column":9}},"type":"binary-expr","locations":[{"start":{"line":30,"column":8},"end":{"line":30,"column":32}},{"start":{"line":30,"column":36},"end":{"line":34,"column":9}}],"line":30},"1":{"loc":{"start":{"line":43,"column":10},"end":{"line":43,"column":59}},"type":"binary-expr","locations":[{"start":{"line":43,"column":10},"end":{"line":43,"column":34}},{"start":{"line":43,"column":38},"end":{"line":43,"column":59}}],"line":43},"2":{"loc":{"start":{"line":72,"column":11},"end":{"line":82,"column":11}},"type":"binary-expr","locations":[{"start":{"line":72,"column":11},"end":{"line":72,"column":24}},{"start":{"line":72,"column":28},"end":{"line":72,"column":36}},{"start":{"line":73,"column":12},"end":{"line":81,"column":31}}],"line":72}},"s":{"0":6,"1":6,"2":18,"3":1,"4":6,"5":1},"f":{"0":6,"1":18,"2":1},"b":{"0":[18,6],"1":[18,6],"2":[6,6,6]},"_coverageSchema":"1a1c01bbd47fc00a2c39e90264f33305004495a9","hash":"309e0caf8789f2725962d0aee2121a5326f691ea"}
,"C:\\Users\\Melik\\OneDrive\\Desktop\\Buchapp\\Buch\\books-app-3\\components\\Collapsible.tsx": {"path":"C:\\Users\\Melik\\OneDrive\\Desktop\\Buchapp\\Buch\\books-app-3\\components\\Collapsible.tsx","statementMap":{"0":{"start":{"line":11,"column":30},"end":{"line":11,"column":45}},"1":{"start":{"line":12,"column":16},"end":{"line":12,"column":43}},"2":{"start":{"line":14,"column":2},"end":{"line":32,"column":4}},"3":{"start":{"line":18,"column":23},"end":{"line":18,"column":51}},"4":{"start":{"line":18,"column":44},"end":{"line":18,"column":50}},"5":{"start":{"line":35,"column":15},"end":{"line":45,"column":2}}},"fnMap":{"0":{"name":"Collapsible","decl":{"start":{"line":10,"column":16},"end":{"line":10,"column":27}},"loc":{"start":{"line":10,"column":88},"end":{"line":33,"column":1}},"line":10},"1":{"name":"(anonymous_1)","decl":{"start":{"line":18,"column":17},"end":{"line":18,"column":18}},"loc":{"start":{"line":18,"column":23},"end":{"line":18,"column":51}},"line":18},"2":{"name":"(anonymous_2)","decl":{"start":{"line":18,"column":33},"end":{"line":18,"column":34}},"loc":{"start":{"line":18,"column":44},"end":{"line":18,"column":50}},"line":18}},"branchMap":{"0":{"loc":{"start":{"line":12,"column":16},"end":{"line":12,"column":43}},"type":"binary-expr","locations":[{"start":{"line":12,"column":16},"end":{"line":12,"column":32}},{"start":{"line":12,"column":36},"end":{"line":12,"column":43}}],"line":12},"1":{"loc":{"start":{"line":24,"column":17},"end":{"line":24,"column":73}},"type":"cond-expr","locations":[{"start":{"line":24,"column":37},"end":{"line":24,"column":54}},{"start":{"line":24,"column":57},"end":{"line":24,"column":73}}],"line":24},"2":{"loc":{"start":{"line":25,"column":41},"end":{"line":25,"column":66}},"type":"cond-expr","locations":[{"start":{"line":25,"column":50},"end":{"line":25,"column":57}},{"start":{"line":25,"column":60},"end":{"line":25,"column":66}}],"line":25},"3":{"loc":{"start":{"line":30,"column":7},"end":{"line":30,"column":75}},"type":"binary-expr","locations":[{"start":{"line":30,"column":7},"end":{"line":30,"column":13}},{"start":{"line":30,"column":17},"end":{"line":30,"column":75}}],"line":30}},"s":{"0":0,"1":0,"2":0,"3":0,"4":0,"5":0},"f":{"0":0,"1":0,"2":0},"b":{"0":[0,0],"1":[0,0],"2":[0,0],"3":[0,0]}}
,"C:\\Users\\Melik\\OneDrive\\Desktop\\Buchapp\\Buch\\books-app-3\\components\\ExternalLink.tsx": {"path":"C:\\Users\\Melik\\OneDrive\\Desktop\\Buchapp\\Buch\\books-app-3\\components\\ExternalLink.tsx","statementMap":{"0":{"start":{"line":9,"column":2},"end":{"line":23,"column":4}},"1":{"start":{"line":15,"column":8},"end":{"line":20,"column":9}},"2":{"start":{"line":17,"column":10},"end":{"line":17,"column":33}},"3":{"start":{"line":19,"column":10},"end":{"line":19,"column":39}}},"fnMap":{"0":{"name":"ExternalLink","decl":{"start":{"line":8,"column":16},"end":{"line":8,"column":28}},"loc":{"start":{"line":8,"column":55},"end":{"line":24,"column":1}},"line":8},"1":{"name":"(anonymous_1)","decl":{"start":{"line":14,"column":15},"end":{"line":14,"column":16}},"loc":{"start":{"line":14,"column":32},"end":{"line":21,"column":7}},"line":14}},"branchMap":{"0":{"loc":{"start":{"line":15,"column":8},"end":{"line":20,"column":9}},"type":"if","locations":[{"start":{"line":15,"column":8},"end":{"line":20,"column":9}},{"start":{},"end":{}}],"line":15}},"s":{"0":0,"1":0,"2":0,"3":0},"f":{"0":0,"1":0},"b":{"0":[0,0]}}
,"C:\\Users\\Melik\\OneDrive\\Desktop\\Buchapp\\Buch\\books-app-3\\components\\HapticTab.tsx": {"path":"C:\\Users\\Melik\\OneDrive\\Desktop\\Buchapp\\Buch\\books-app-3\\components\\HapticTab.tsx","statementMap":{"0":{"start":{"line":6,"column":2},"end":{"line":17,"column":4}},"1":{"start":{"line":10,"column":8},"end":{"line":13,"column":9}},"2":{"start":{"line":12,"column":10},"end":{"line":12,"column":65}},"3":{"start":{"line":14,"column":8},"end":{"line":14,"column":30}}},"fnMap":{"0":{"name":"HapticTab","decl":{"start":{"line":5,"column":16},"end":{"line":5,"column":25}},"loc":{"start":{"line":5,"column":58},"end":{"line":18,"column":1}},"line":5},"1":{"name":"(anonymous_1)","decl":{"start":{"line":9,"column":17},"end":{"line":9,"column":18}},"loc":{"start":{"line":9,"column":25},"end":{"line":15,"column":7}},"line":9}},"branchMap":{"0":{"loc":{"start":{"line":10,"column":8},"end":{"line":13,"column":9}},"type":"if","locations":[{"start":{"line":10,"column":8},"end":{"line":13,"column":9}},{"start":{},"end":{}}],"line":10}},"s":{"0":0,"1":0,"2":0,"3":0},"f":{"0":0,"1":0},"b":{"0":[0,0]}}
,"C:\\Users\\Melik\\OneDrive\\Desktop\\Buchapp\\Buch\\books-app-3\\components\\HelloWave.tsx": {"path":"C:\\Users\\Melik\\OneDrive\\Desktop\\Buchapp\\Buch\\books-app-3\\components\\HelloWave.tsx","statementMap":{"0":{"start":{"line":14,"column":28},"end":{"line":14,"column":45}},"1":{"start":{"line":16,"column":2},"end":{"line":21,"column":26}},"2":{"start":{"line":17,"column":4},"end":{"line":20,"column":6}},"3":{"start":{"line":23,"column":24},"end":{"line":25,"column":5}},"4":{"start":{"line":23,"column":48},"end":{"line":25,"column":3}},"5":{"start":{"line":27,"column":2},"end":{"line":31,"column":4}},"6":{"start":{"line":34,"column":15},"end":{"line":40,"column":2}}},"fnMap":{"0":{"name":"HelloWave","decl":{"start":{"line":13,"column":16},"end":{"line":13,"column":25}},"loc":{"start":{"line":13,"column":28},"end":{"line":32,"column":1}},"line":13},"1":{"name":"(anonymous_1)","decl":{"start":{"line":16,"column":12},"end":{"line":16,"column":13}},"loc":{"start":{"line":16,"column":18},"end":{"line":21,"column":3}},"line":16},"2":{"name":"(anonymous_2)","decl":{"start":{"line":23,"column":41},"end":{"line":23,"column":42}},"loc":{"start":{"line":23,"column":48},"end":{"line":25,"column":3}},"line":23}},"branchMap":{},"s":{"0":0,"1":0,"2":0,"3":0,"4":0,"5":0,"6":0},"f":{"0":0,"1":0,"2":0},"b":{}}
,"C:\\Users\\Melik\\OneDrive\\Desktop\\Buchapp\\Buch\\books-app-3\\components\\ParallaxScrollView.tsx": {"path":"C:\\Users\\Melik\\OneDrive\\Desktop\\Buchapp\\Buch\\books-app-3\\components\\ParallaxScrollView.tsx","statementMap":{"0":{"start":{"line":14,"column":22},"end":{"line":14,"column":25}},"1":{"start":{"line":26,"column":22},"end":{"line":26,"column":49}},"2":{"start":{"line":27,"column":20},"end":{"line":27,"column":57}},"3":{"start":{"line":28,"column":23},"end":{"line":28,"column":53}},"4":{"start":{"line":29,"column":17},"end":{"line":29,"column":39}},"5":{"start":{"line":30,"column":30},"end":{"line":45,"column":4}},"6":{"start":{"line":31,"column":4},"end":{"line":44,"column":6}},"7":{"start":{"line":47,"column":2},"end":{"line":65,"column":4}},"8":{"start":{"line":68,"column":15},"end":{"line":82,"column":2}}},"fnMap":{"0":{"name":"ParallaxScrollView","decl":{"start":{"line":21,"column":24},"end":{"line":21,"column":42}},"loc":{"start":{"line":25,"column":10},"end":{"line":66,"column":1}},"line":25},"1":{"name":"(anonymous_1)","decl":{"start":{"line":30,"column":47},"end":{"line":30,"column":48}},"loc":{"start":{"line":30,"column":53},"end":{"line":45,"column":3}},"line":30}},"branchMap":{"0":{"loc":{"start":{"line":26,"column":22},"end":{"line":26,"column":49}},"type":"binary-expr","locations":[{"start":{"line":26,"column":22},"end":{"line":26,"column":38}},{"start":{"line":26,"column":42},"end":{"line":26,"column":49}}],"line":26}},"s":{"0":0,"1":0,"2":0,"3":0,"4":0,"5":0,"6":0,"7":0,"8":0},"f":{"0":0,"1":0},"b":{"0":[0,0]}}
,"C:\\Users\\Melik\\OneDrive\\Desktop\\Buchapp\\Buch\\books-app-3\\components\\ThemedText.tsx": {"path":"C:\\Users\\Melik\\OneDrive\\Desktop\\Buchapp\\Buch\\books-app-3\\components\\ThemedText.tsx","statementMap":{"0":{"start":{"line":18,"column":16},"end":{"line":18,"column":77}},"1":{"start":{"line":20,"column":2},"end":{"line":33,"column":4}},"2":{"start":{"line":36,"column":15},"end":{"line":60,"column":2}}},"fnMap":{"0":{"name":"ThemedText","decl":{"start":{"line":11,"column":16},"end":{"line":11,"column":26}},"loc":{"start":{"line":17,"column":20},"end":{"line":34,"column":1}},"line":17}},"branchMap":{"0":{"loc":{"start":{"line":15,"column":2},"end":{"line":15,"column":18}},"type":"default-arg","locations":[{"start":{"line":15,"column":9},"end":{"line":15,"column":18}}],"line":15},"1":{"loc":{"start":{"line":24,"column":8},"end":{"line":24,"column":55}},"type":"cond-expr","locations":[{"start":{"line":24,"column":29},"end":{"line":24,"column":43}},{"start":{"line":24,"column":46},"end":{"line":24,"column":55}}],"line":24},"2":{"loc":{"start":{"line":25,"column":8},"end":{"line":25,"column":51}},"type":"cond-expr","locations":[{"start":{"line":25,"column":27},"end":{"line":25,"column":39}},{"start":{"line":25,"column":42},"end":{"line":25,"column":51}}],"line":25},"3":{"loc":{"start":{"line":26,"column":8},"end":{"line":26,"column":71}},"type":"cond-expr","locations":[{"start":{"line":26,"column":37},"end":{"line":26,"column":59}},{"start":{"line":26,"column":62},"end":{"line":26,"column":71}}],"line":26},"4":{"loc":{"start":{"line":27,"column":8},"end":{"line":27,"column":57}},"type":"cond-expr","locations":[{"start":{"line":27,"column":30},"end":{"line":27,"column":45}},{"start":{"line":27,"column":48},"end":{"line":27,"column":57}}],"line":27},"5":{"loc":{"start":{"line":28,"column":8},"end":{"line":28,"column":49}},"type":"cond-expr","locations":[{"start":{"line":28,"column":26},"end":{"line":28,"column":37}},{"start":{"line":28,"column":40},"end":{"line":28,"column":49}}],"line":28}},"s":{"0":0,"1":0,"2":0},"f":{"0":0},"b":{"0":[0],"1":[0,0],"2":[0,0],"3":[0,0],"4":[0,0],"5":[0,0]}}
,"C:\\Users\\Melik\\OneDrive\\Desktop\\Buchapp\\Buch\\books-app-3\\components\\ThemedView.tsx": {"path":"C:\\Users\\Melik\\OneDrive\\Desktop\\Buchapp\\Buch\\books-app-3\\components\\ThemedView.tsx","statementMap":{"0":{"start":{"line":11,"column":26},"end":{"line":11,"column":93}},"1":{"start":{"line":13,"column":2},"end":{"line":13,"column":71}}},"fnMap":{"0":{"name":"ThemedView","decl":{"start":{"line":10,"column":16},"end":{"line":10,"column":26}},"loc":{"start":{"line":10,"column":93},"end":{"line":14,"column":1}},"line":10}},"branchMap":{},"s":{"0":0,"1":0},"f":{"0":0},"b":{}}
,"C:\\Users\\Melik\\OneDrive\\Desktop\\Buchapp\\Buch\\books-app-3\\components\\ui\\IconSymbol.ios.tsx": {"path":"C:\\Users\\Melik\\OneDrive\\Desktop\\Buchapp\\Buch\\books-app-3\\components\\ui\\IconSymbol.ios.tsx","statementMap":{"0":{"start":{"line":17,"column":2},"end":{"line":31,"column":4}}},"fnMap":{"0":{"name":"IconSymbol","decl":{"start":{"line":4,"column":16},"end":{"line":4,"column":26}},"loc":{"start":{"line":16,"column":3},"end":{"line":32,"column":1}},"line":16}},"branchMap":{"0":{"loc":{"start":{"line":6,"column":2},"end":{"line":6,"column":11}},"type":"default-arg","locations":[{"start":{"line":6,"column":9},"end":{"line":6,"column":11}}],"line":6},"1":{"loc":{"start":{"line":9,"column":2},"end":{"line":9,"column":20}},"type":"default-arg","locations":[{"start":{"line":9,"column":11},"end":{"line":9,"column":20}}],"line":9}},"s":{"0":0},"f":{"0":0},"b":{"0":[0],"1":[0]}}
,"C:\\Users\\Melik\\OneDrive\\Desktop\\Buchapp\\Buch\\books-app-3\\components\\ui\\IconSymbol.tsx": {"path":"C:\\Users\\Melik\\OneDrive\\Desktop\\Buchapp\\Buch\\books-app-3\\components\\ui\\IconSymbol.tsx","statementMap":{"0":{"start":{"line":16,"column":16},"end":{"line":21,"column":16}},"1":{"start":{"line":40,"column":2},"end":{"line":40,"column":88}}},"fnMap":{"0":{"name":"IconSymbol","decl":{"start":{"line":28,"column":16},"end":{"line":28,"column":26}},"loc":{"start":{"line":39,"column":3},"end":{"line":41,"column":1}},"line":39}},"branchMap":{"0":{"loc":{"start":{"line":30,"column":2},"end":{"line":30,"column":11}},"type":"default-arg","locations":[{"start":{"line":30,"column":9},"end":{"line":30,"column":11}}],"line":30}},"s":{"0":0,"1":0},"f":{"0":0},"b":{"0":[0]}}
,"C:\\Users\\Melik\\OneDrive\\Desktop\\Buchapp\\Buch\\books-app-3\\components\\ui\\TabBarBackground.ios.tsx": {"path":"C:\\Users\\Melik\\OneDrive\\Desktop\\Buchapp\\Buch\\books-app-3\\components\\ui\\TabBarBackground.ios.tsx","statementMap":{"0":{"start":{"line":6,"column":2},"end":{"line":14,"column":4}},"1":{"start":{"line":18,"column":2},"end":{"line":18,"column":33}}},"fnMap":{"0":{"name":"BlurTabBarBackground","decl":{"start":{"line":5,"column":24},"end":{"line":5,"column":44}},"loc":{"start":{"line":5,"column":47},"end":{"line":15,"column":1}},"line":5},"1":{"name":"useBottomTabOverflow","decl":{"start":{"line":17,"column":16},"end":{"line":17,"column":36}},"loc":{"start":{"line":17,"column":39},"end":{"line":19,"column":1}},"line":17}},"branchMap":{},"s":{"0":0,"1":0},"f":{"0":0,"1":0},"b":{}}
,"C:\\Users\\Melik\\OneDrive\\Desktop\\Buchapp\\Buch\\books-app-3\\components\\ui\\TabBarBackground.tsx": {"path":"C:\\Users\\Melik\\OneDrive\\Desktop\\Buchapp\\Buch\\books-app-3\\components\\ui\\TabBarBackground.tsx","statementMap":{"0":{"start":{"line":5,"column":2},"end":{"line":5,"column":11}}},"fnMap":{"0":{"name":"useBottomTabOverflow","decl":{"start":{"line":4,"column":16},"end":{"line":4,"column":36}},"loc":{"start":{"line":4,"column":39},"end":{"line":6,"column":1}},"line":4}},"branchMap":{},"s":{"0":0},"f":{"0":0},"b":{}}
,"C:\\Users\\Melik\\OneDrive\\Desktop\\Buchapp\\Buch\\books-app-3\\constants\\Colors.ts": {"path":"C:\\Users\\Melik\\OneDrive\\Desktop\\Buchapp\\Buch\\books-app-3\\constants\\Colors.ts","statementMap":{"0":{"start":{"line":6,"column":23},"end":{"line":6,"column":32}},"1":{"start":{"line":7,"column":22},"end":{"line":7,"column":28}},"2":{"start":{"line":9,"column":22},"end":{"line":26,"column":1}}},"fnMap":{},"branchMap":{},"s":{"0":0,"1":0,"2":0},"f":{},"b":{}}
,"C:\\Users\\Melik\\OneDrive\\Desktop\\Buchapp\\Buch\\books-app-3\\context\\BooksContext.tsx": {"path":"C:\\Users\\Melik\\OneDrive\\Desktop\\Buchapp\\Buch\\books-app-3\\context\\BooksContext.tsx","statementMap":{"0":{"start":{"line":27,"column":21},"end":{"line":27,"column":75}},"1":{"start":{"line":30,"column":28},"end":{"line":30,"column":58}},"2":{"start":{"line":31,"column":48},"end":{"line":31,"column":72}},"3":{"start":{"line":32,"column":34},"end":{"line":32,"column":62}},"4":{"start":{"line":34,"column":27},"end":{"line":34,"column":74}},"5":{"start":{"line":34,"column":48},"end":{"line":34,"column":73}},"6":{"start":{"line":35,"column":20},"end":{"line":35,"column":64}},"7":{"start":{"line":35,"column":41},"end":{"line":35,"column":63}},"8":{"start":{"line":36,"column":26},"end":{"line":36,"column":76}},"9":{"start":{"line":36,"column":47},"end":{"line":36,"column":75}},"10":{"start":{"line":37,"column":26},"end":{"line":37,"column":65}},"11":{"start":{"line":37,"column":47},"end":{"line":37,"column":64}},"12":{"start":{"line":39,"column":18},"end":{"line":61,"column":8}},"13":{"start":{"line":40,"column":4},"end":{"line":60,"column":7}},"14":{"start":{"line":41,"column":17},"end":{"line":41,"column":98}},"15":{"start":{"line":43,"column":27},"end":{"line":43,"column":59}},"16":{"start":{"line":43,"column":47},"end":{"line":43,"column":58}},"17":{"start":{"line":45,"column":6},"end":{"line":51,"column":7}},"18":{"start":{"line":46,"column":8},"end":{"line":50,"column":10}},"19":{"start":{"line":47,"column":10},"end":{"line":49,"column":15}},"20":{"start":{"line":53,"column":6},"end":{"line":59,"column":9}},"21":{"start":{"line":63,"column":21},"end":{"line":65,"column":8}},"22":{"start":{"line":64,"column":4},"end":{"line":64,"column":72}},"23":{"start":{"line":64,"column":26},"end":{"line":64,"column":70}},"24":{"start":{"line":64,"column":51},"end":{"line":64,"column":69}},"25":{"start":{"line":67,"column":27},"end":{"line":75,"column":8}},"26":{"start":{"line":68,"column":4},"end":{"line":74,"column":6}},"27":{"start":{"line":69,"column":6},"end":{"line":73,"column":7}},"28":{"start":{"line":70,"column":8},"end":{"line":72,"column":16}},"29":{"start":{"line":77,"column":24},"end":{"line":80,"column":13}},"30":{"start":{"line":78,"column":17},"end":{"line":78,"column":49}},"31":{"start":{"line":78,"column":33},"end":{"line":78,"column":48}},"32":{"start":{"line":79,"column":4},"end":{"line":79,"column":37}},"33":{"start":{"line":82,"column":25},"end":{"line":102,"column":8}},"34":{"start":{"line":83,"column":4},"end":{"line":101,"column":7}},"35":{"start":{"line":84,"column":27},"end":{"line":84,"column":64}},"36":{"start":{"line":84,"column":47},"end":{"line":84,"column":63}},"37":{"start":{"line":86,"column":6},"end":{"line":92,"column":7}},"38":{"start":{"line":87,"column":8},"end":{"line":91,"column":10}},"39":{"start":{"line":88,"column":10},"end":{"line":90,"column":15}},"40":{"start":{"line":94,"column":6},"end":{"line":100,"column":9}},"41":{"start":{"line":104,"column":27},"end":{"line":107,"column":13}},"42":{"start":{"line":105,"column":17},"end":{"line":105,"column":49}},"43":{"start":{"line":105,"column":33},"end":{"line":105,"column":48}},"44":{"start":{"line":106,"column":4},"end":{"line":106,"column":46}},"45":{"start":{"line":110,"column":2},"end":{"line":140,"column":9}},"46":{"start":{"line":111,"column":33},"end":{"line":135,"column":5}},"47":{"start":{"line":112,"column":6},"end":{"line":134,"column":7}},"48":{"start":{"line":113,"column":25},"end":{"line":115,"column":9}},"49":{"start":{"line":116,"column":21},"end":{"line":116,"column":42}},"50":{"start":{"line":117,"column":8},"end":{"line":131,"column":9}},"51":{"start":{"line":118,"column":33},"end":{"line":129,"column":13}},"52":{"start":{"line":118,"column":64},"end":{"line":129,"column":11}},"53":{"start":{"line":130,"column":10},"end":{"line":130,"column":45}},"54":{"start":{"line":133,"column":8},"end":{"line":133,"column":64}},"55":{"start":{"line":137,"column":4},"end":{"line":137,"column":27}},"56":{"start":{"line":138,"column":21},"end":{"line":138,"column":75}},"57":{"start":{"line":139,"column":4},"end":{"line":139,"column":41}},"58":{"start":{"line":139,"column":17},"end":{"line":139,"column":40}},"59":{"start":{"line":142,"column":2},"end":{"line":160,"column":4}},"60":{"start":{"line":164,"column":18},"end":{"line":164,"column":42}},"61":{"start":{"line":165,"column":2},"end":{"line":167,"column":3}},"62":{"start":{"line":166,"column":4},"end":{"line":166,"column":68}},"63":{"start":{"line":168,"column":2},"end":{"line":168,"column":17}}},"fnMap":{"0":{"name":"BooksProvider","decl":{"start":{"line":29,"column":16},"end":{"line":29,"column":29}},"loc":{"start":{"line":29,"column":75},"end":{"line":161,"column":1}},"line":29},"1":{"name":"(anonymous_1)","decl":{"start":{"line":34,"column":40},"end":{"line":34,"column":41}},"loc":{"start":{"line":34,"column":48},"end":{"line":34,"column":73}},"line":34},"2":{"name":"(anonymous_2)","decl":{"start":{"line":35,"column":33},"end":{"line":35,"column":34}},"loc":{"start":{"line":35,"column":41},"end":{"line":35,"column":63}},"line":35},"3":{"name":"(anonymous_3)","decl":{"start":{"line":36,"column":39},"end":{"line":36,"column":40}},"loc":{"start":{"line":36,"column":47},"end":{"line":36,"column":75}},"line":36},"4":{"name":"(anonymous_4)","decl":{"start":{"line":37,"column":39},"end":{"line":37,"column":40}},"loc":{"start":{"line":37,"column":47},"end":{"line":37,"column":64}},"line":37},"5":{"name":"(anonymous_5)","decl":{"start":{"line":39,"column":30},"end":{"line":39,"column":31}},"loc":{"start":{"line":39,"column":73},"end":{"line":61,"column":3}},"line":39},"6":{"name":"(anonymous_6)","decl":{"start":{"line":40,"column":13},"end":{"line":40,"column":14}},"loc":{"start":{"line":40,"column":26},"end":{"line":60,"column":5}},"line":40},"7":{"name":"(anonymous_7)","decl":{"start":{"line":43,"column":42},"end":{"line":43,"column":43}},"loc":{"start":{"line":43,"column":47},"end":{"line":43,"column":58}},"line":43},"8":{"name":"(anonymous_8)","decl":{"start":{"line":46,"column":29},"end":{"line":46,"column":30}},"loc":{"start":{"line":47,"column":10},"end":{"line":49,"column":15}},"line":47},"9":{"name":"(anonymous_9)","decl":{"start":{"line":63,"column":33},"end":{"line":63,"column":34}},"loc":{"start":{"line":63,"column":53},"end":{"line":65,"column":3}},"line":63},"10":{"name":"(anonymous_10)","decl":{"start":{"line":64,"column":13},"end":{"line":64,"column":14}},"loc":{"start":{"line":64,"column":26},"end":{"line":64,"column":70}},"line":64},"11":{"name":"(anonymous_11)","decl":{"start":{"line":64,"column":43},"end":{"line":64,"column":44}},"loc":{"start":{"line":64,"column":51},"end":{"line":64,"column":69}},"line":64},"12":{"name":"(anonymous_12)","decl":{"start":{"line":67,"column":39},"end":{"line":67,"column":40}},"loc":{"start":{"line":67,"column":85},"end":{"line":75,"column":3}},"line":67},"13":{"name":"(anonymous_13)","decl":{"start":{"line":68,"column":13},"end":{"line":68,"column":14}},"loc":{"start":{"line":69,"column":6},"end":{"line":73,"column":7}},"line":69},"14":{"name":"(anonymous_14)","decl":{"start":{"line":69,"column":20},"end":{"line":69,"column":21}},"loc":{"start":{"line":70,"column":8},"end":{"line":72,"column":16}},"line":70},"15":{"name":"(anonymous_15)","decl":{"start":{"line":77,"column":36},"end":{"line":77,"column":37}},"loc":{"start":{"line":77,"column":56},"end":{"line":80,"column":3}},"line":77},"16":{"name":"(anonymous_16)","decl":{"start":{"line":78,"column":28},"end":{"line":78,"column":29}},"loc":{"start":{"line":78,"column":33},"end":{"line":78,"column":48}},"line":78},"17":{"name":"(anonymous_17)","decl":{"start":{"line":82,"column":37},"end":{"line":82,"column":38}},"loc":{"start":{"line":82,"column":57},"end":{"line":102,"column":3}},"line":82},"18":{"name":"(anonymous_18)","decl":{"start":{"line":83,"column":13},"end":{"line":83,"column":14}},"loc":{"start":{"line":83,"column":26},"end":{"line":101,"column":5}},"line":83},"19":{"name":"(anonymous_19)","decl":{"start":{"line":84,"column":42},"end":{"line":84,"column":43}},"loc":{"start":{"line":84,"column":47},"end":{"line":84,"column":63}},"line":84},"20":{"name":"(anonymous_20)","decl":{"start":{"line":87,"column":29},"end":{"line":87,"column":30}},"loc":{"start":{"line":88,"column":10},"end":{"line":90,"column":15}},"line":88},"21":{"name":"(anonymous_21)","decl":{"start":{"line":104,"column":39},"end":{"line":104,"column":40}},"loc":{"start":{"line":104,"column":59},"end":{"line":107,"column":3}},"line":104},"22":{"name":"(anonymous_22)","decl":{"start":{"line":105,"column":28},"end":{"line":105,"column":29}},"loc":{"start":{"line":105,"column":33},"end":{"line":105,"column":48}},"line":105},"23":{"name":"(anonymous_23)","decl":{"start":{"line":110,"column":18},"end":{"line":110,"column":19}},"loc":{"start":{"line":110,"column":24},"end":{"line":140,"column":3}},"line":110},"24":{"name":"(anonymous_24)","decl":{"start":{"line":111,"column":33},"end":{"line":111,"column":34}},"loc":{"start":{"line":111,"column":45},"end":{"line":135,"column":5}},"line":111},"25":{"name":"(anonymous_25)","decl":{"start":{"line":118,"column":48},"end":{"line":118,"column":49}},"loc":{"start":{"line":118,"column":64},"end":{"line":129,"column":11}},"line":118},"26":{"name":"(anonymous_26)","decl":{"start":{"line":139,"column":11},"end":{"line":139,"column":12}},"loc":{"start":{"line":139,"column":17},"end":{"line":139,"column":40}},"line":139},"27":{"name":"useBooks","decl":{"start":{"line":163,"column":16},"end":{"line":163,"column":24}},"loc":{"start":{"line":163,"column":27},"end":{"line":169,"column":1}},"line":163}},"branchMap":{"0":{"loc":{"start":{"line":41,"column":17},"end":{"line":41,"column":98}},"type":"cond-expr","locations":[{"start":{"line":41,"column":27},"end":{"line":41,"column":34}},{"start":{"line":41,"column":37},"end":{"line":41,"column":98}}],"line":41},"1":{"loc":{"start":{"line":45,"column":6},"end":{"line":51,"column":7}},"type":"if","locations":[{"start":{"line":45,"column":6},"end":{"line":51,"column":7}},{"start":{},"end":{}}],"line":45},"2":{"loc":{"start":{"line":47,"column":10},"end":{"line":49,"column":15}},"type":"cond-expr","locations":[{"start":{"line":48,"column":14},"end":{"line":48,"column":30}},{"start":{"line":49,"column":14},"end":{"line":49,"column":15}}],"line":47},"3":{"loc":{"start":{"line":70,"column":8},"end":{"line":72,"column":16}},"type":"cond-expr","locations":[{"start":{"line":71,"column":12},"end":{"line":71,"column":42}},{"start":{"line":72,"column":12},"end":{"line":72,"column":16}}],"line":70},"4":{"loc":{"start":{"line":79,"column":11},"end":{"line":79,"column":36}},"type":"cond-expr","locations":[{"start":{"line":79,"column":18},"end":{"line":79,"column":29}},{"start":{"line":79,"column":32},"end":{"line":79,"column":36}}],"line":79},"5":{"loc":{"start":{"line":86,"column":6},"end":{"line":92,"column":7}},"type":"if","locations":[{"start":{"line":86,"column":6},"end":{"line":92,"column":7}},{"start":{},"end":{}}],"line":86},"6":{"loc":{"start":{"line":88,"column":10},"end":{"line":90,"column":15}},"type":"cond-expr","locations":[{"start":{"line":89,"column":14},"end":{"line":89,"column":53}},{"start":{"line":90,"column":14},"end":{"line":90,"column":15}}],"line":88},"7":{"loc":{"start":{"line":96,"column":12},"end":{"line":96,"column":84}},"type":"binary-expr","locations":[{"start":{"line":96,"column":12},"end":{"line":96,"column":19}},{"start":{"line":96,"column":23},"end":{"line":96,"column":84}}],"line":96},"8":{"loc":{"start":{"line":106,"column":11},"end":{"line":106,"column":45}},"type":"cond-expr","locations":[{"start":{"line":106,"column":18},"end":{"line":106,"column":37}},{"start":{"line":106,"column":40},"end":{"line":106,"column":45}}],"line":106},"9":{"loc":{"start":{"line":117,"column":8},"end":{"line":131,"column":9}},"type":"if","locations":[{"start":{"line":117,"column":8},"end":{"line":131,"column":9}},{"start":{},"end":{}}],"line":117},"10":{"loc":{"start":{"line":165,"column":2},"end":{"line":167,"column":3}},"type":"if","locations":[{"start":{"line":165,"column":2},"end":{"line":167,"column":3}},{"start":{},"end":{}}],"line":165}},"s":{"0":2,"1":11,"2":11,"3":11,"4":11,"5":0,"6":11,"7":0,"8":11,"9":0,"10":11,"11":0,"12":11,"13":0,"14":0,"15":0,"16":0,"17":0,"18":0,"19":0,"20":0,"21":11,"22":0,"23":0,"24":0,"25":11,"26":0,"27":0,"28":0,"29":11,"30":5,"31":0,"32":5,"33":11,"34":0,"35":0,"36":0,"37":0,"38":0,"39":0,"40":0,"41":11,"42":5,"43":0,"44":5,"45":11,"46":11,"47":11,"48":11,"49":0,"50":0,"51":0,"52":0,"53":0,"54":0,"55":11,"56":11,"57":11,"58":11,"59":11,"60":5,"61":5,"62":0,"63":5},"f":{"0":11,"1":0,"2":0,"3":0,"4":0,"5":0,"6":0,"7":0,"8":0,"9":0,"10":0,"11":0,"12":0,"13":0,"14":0,"15":5,"16":0,"17":0,"18":0,"19":0,"20":0,"21":5,"22":0,"23":11,"24":11,"25":0,"26":11,"27":5},"b":{"0":[0,0],"1":[0,0],"2":[0,0],"3":[0,0],"4":[0,5],"5":[0,0],"6":[0,0],"7":[0,0],"8":[0,5],"9":[0,0],"10":[0,5]},"_coverageSchema":"1a1c01bbd47fc00a2c39e90264f33305004495a9","hash":"7f4813b874a0f56317a77f73d2ba5d2f239f7ed9"}
,"C:\\Users\\Melik\\OneDrive\\Desktop\\Buchapp\\Buch\\books-app-3\\context\\ThemeContext.tsx": {"path":"C:\\Users\\Melik\\OneDrive\\Desktop\\Buchapp\\Buch\\books-app-3\\context\\ThemeContext.tsx","statementMap":{"0":{"start":{"line":32,"column":26},"end":{"line":59,"column":1}},"1":{"start":{"line":61,"column":25},"end":{"line":88,"column":1}},"2":{"start":{"line":96,"column":21},"end":{"line":96,"column":31}},"3":{"start":{"line":97,"column":21},"end":{"line":101,"column":2}},"4":{"start":{"line":104,"column":38},"end":{"line":104,"column":53}},"5":{"start":{"line":106,"column":25},"end":{"line":108,"column":3}},"6":{"start":{"line":107,"column":4},"end":{"line":107,"column":31}},"7":{"start":{"line":110,"column":16},"end":{"line":110,"column":51}},"8":{"start":{"line":112,"column":2},"end":{"line":116,"column":4}},"9":{"start":{"line":120,"column":18},"end":{"line":120,"column":42}},"10":{"start":{"line":121,"column":2},"end":{"line":121,"column":17}}},"fnMap":{"0":{"name":"(anonymous_0)","decl":{"start":{"line":99,"column":18},"end":{"line":99,"column":19}},"loc":{"start":{"line":99,"column":24},"end":{"line":99,"column":26}},"line":99},"1":{"name":"ThemeProvider","decl":{"start":{"line":103,"column":16},"end":{"line":103,"column":29}},"loc":{"start":{"line":103,"column":75},"end":{"line":117,"column":1}},"line":103},"2":{"name":"(anonymous_2)","decl":{"start":{"line":106,"column":25},"end":{"line":106,"column":26}},"loc":{"start":{"line":106,"column":31},"end":{"line":108,"column":3}},"line":106},"3":{"name":"useTheme","decl":{"start":{"line":119,"column":16},"end":{"line":119,"column":24}},"loc":{"start":{"line":119,"column":45},"end":{"line":122,"column":1}},"line":119}},"branchMap":{"0":{"loc":{"start":{"line":110,"column":16},"end":{"line":110,"column":51}},"type":"cond-expr","locations":[{"start":{"line":110,"column":29},"end":{"line":110,"column":38}},{"start":{"line":110,"column":41},"end":{"line":110,"column":51}}],"line":110}},"s":{"0":2,"1":2,"2":2,"3":2,"4":11,"5":11,"6":0,"7":11,"8":11,"9":11,"10":11},"f":{"0":0,"1":11,"2":0,"3":11},"b":{"0":[0,11]},"_coverageSchema":"1a1c01bbd47fc00a2c39e90264f33305004495a9","hash":"5c3ff23f75a063f5291f090966954133eb507b43"}
,"C:\\Users\\Melik\\OneDrive\\Desktop\\Buchapp\\Buch\\books-app-3\\hooks\\useColorScheme.ts": {"path":"C:\\Users\\Melik\\OneDrive\\Desktop\\Buchapp\\Buch\\books-app-3\\hooks\\useColorScheme.ts","statementMap":{},"fnMap":{},"branchMap":{},"s":{},"f":{},"b":{}}
,"C:\\Users\\Melik\\OneDrive\\Desktop\\Buchapp\\Buch\\books-app-3\\hooks\\useColorScheme.web.ts": {"path":"C:\\Users\\Melik\\OneDrive\\Desktop\\Buchapp\\Buch\\books-app-3\\hooks\\useColorScheme.web.ts","statementMap":{"0":{"start":{"line":8,"column":40},"end":{"line":8,"column":55}},"1":{"start":{"line":10,"column":2},"end":{"line":12,"column":9}},"2":{"start":{"line":11,"column":4},"end":{"line":11,"column":25}},"3":{"start":{"line":14,"column":22},"end":{"line":14,"column":40}},"4":{"start":{"line":16,"column":2},"end":{"line":18,"column":3}},"5":{"start":{"line":17,"column":4},"end":{"line":17,"column":23}},"6":{"start":{"line":20,"column":2},"end":{"line":20,"column":17}}},"fnMap":{"0":{"name":"useColorScheme","decl":{"start":{"line":7,"column":16},"end":{"line":7,"column":30}},"loc":{"start":{"line":7,"column":33},"end":{"line":21,"column":1}},"line":7},"1":{"name":"(anonymous_1)","decl":{"start":{"line":10,"column":12},"end":{"line":10,"column":13}},"loc":{"start":{"line":10,"column":18},"end":{"line":12,"column":3}},"line":10}},"branchMap":{"0":{"loc":{"start":{"line":16,"column":2},"end":{"line":18,"column":3}},"type":"if","locations":[{"start":{"line":16,"column":2},"end":{"line":18,"column":3}},{"start":{},"end":{}}],"line":16}},"s":{"0":0,"1":0,"2":0,"3":0,"4":0,"5":0,"6":0},"f":{"0":0,"1":0},"b":{"0":[0,0]}}
,"C:\\Users\\Melik\\OneDrive\\Desktop\\Buchapp\\Buch\\books-app-3\\hooks\\useThemeColor.ts": {"path":"C:\\Users\\Melik\\OneDrive\\Desktop\\Buchapp\\Buch\\books-app-3\\hooks\\useThemeColor.ts","statementMap":{"0":{"start":{"line":13,"column":16},"end":{"line":13,"column":43}},"1":{"start":{"line":14,"column":25},"end":{"line":14,"column":37}},"2":{"start":{"line":16,"column":2},"end":{"line":20,"column":3}},"3":{"start":{"line":17,"column":4},"end":{"line":17,"column":26}},"4":{"start":{"line":19,"column":4},"end":{"line":19,"column":36}}},"fnMap":{"0":{"name":"useThemeColor","decl":{"start":{"line":9,"column":16},"end":{"line":9,"column":29}},"loc":{"start":{"line":12,"column":2},"end":{"line":21,"column":1}},"line":12}},"branchMap":{"0":{"loc":{"start":{"line":13,"column":16},"end":{"line":13,"column":43}},"type":"binary-expr","locations":[{"start":{"line":13,"column":16},"end":{"line":13,"column":32}},{"start":{"line":13,"column":36},"end":{"line":13,"column":43}}],"line":13},"1":{"loc":{"start":{"line":16,"column":2},"end":{"line":20,"column":3}},"type":"if","locations":[{"start":{"line":16,"column":2},"end":{"line":20,"column":3}},{"start":{"line":18,"column":9},"end":{"line":20,"column":3}}],"line":16}},"s":{"0":0,"1":0,"2":0,"3":0,"4":0},"f":{"0":0},"b":{"0":[0,0],"1":[0,0]}}
,"C:\\Users\\Melik\\OneDrive\\Desktop\\Buchapp\\Buch\\books-app-3\\styles\\designSystem.ts": {"path":"C:\\Users\\Melik\\OneDrive\\Desktop\\Buchapp\\Buch\\books-app-3\\styles\\designSystem.ts","statementMap":{"0":{"start":{"line":4,"column":23},"end":{"line":10,"column":1}},"1":{"start":{"line":13,"column":26},"end":{"line":39,"column":1}},"2":{"start":{"line":42,"column":23},"end":{"line":63,"column":1}},"3":{"start":{"line":66,"column":26},"end":{"line":74,"column":1}},"4":{"start":{"line":77,"column":28},"end":{"line":82,"column":1}},"5":{"start":{"line":85,"column":28},"end":{"line":106,"column":2}},"6":{"start":{"line":109,"column":32},"end":{"line":115,"column":1}},"7":{"start":{"line":118,"column":29},"end":{"line":121,"column":1}}},"fnMap":{},"branchMap":{},"s":{"0":2,"1":2,"2":2,"3":2,"4":2,"5":2,"6":2,"7":2},"f":{},"b":{},"_coverageSchema":"1a1c01bbd47fc00a2c39e90264f33305004495a9","hash":"a067ebc1d0eb1a02020abac440a9b5a0b44126ab"}
,"C:\\Users\\Melik\\OneDrive\\Desktop\\Buchapp\\Buch\\books-app-3\\types\\index.ts": {"path":"C:\\Users\\Melik\\OneDrive\\Desktop\\Buchapp\\Buch\\books-app-3\\types\\index.ts","statementMap":{},"fnMap":{},"branchMap":{},"s":{},"f":{},"b":{}}
}
